<?xml version="1.0" encoding="UTF-8"?>
<testsuite name="com.builders.web.HelloServletTest" tests="1" skipped="0" failures="0" errors="0" timestamp="2023-02-17T11:39:54" hostname="EPHUSZEW0425" time="0.005">
  <properties/>
  <testcase name="testHello" classname="com.builders.web.HelloServletTest" time="0.005"/>
  <system-out><![CDATA[]]></system-out>
  <system-err><![CDATA[]]></system-err>
</testsuite>
