<?xml version="1.0" encoding="UTF-8"?>
<testsuite name="com.builders.utils.BuildersUtilTest" tests="1" skipped="0" failures="0" errors="0" timestamp="2023-02-17T11:36:55" hostname="EPHUSZEW0425" time="0.006">
  <properties/>
  <testcase name="testHello" classname="com.builders.utils.BuildersUtilTest" time="0.006"/>
  <system-out><![CDATA[]]></system-out>
  <system-err><![CDATA[]]></system-err>
</testsuite>
