<?xml version="1.0" encoding="UTF-8"?>
<testsuite name="com.builders.services.BuilderServiceTest" tests="1" skipped="0" failures="0" errors="0" timestamp="2023-02-17T11:36:54" hostname="EPHUSZEW0425" time="0.019">
  <properties/>
  <testcase name="testHello" classname="com.builders.services.BuilderServiceTest" time="0.019"/>
  <system-out><![CDATA[]]></system-out>
  <system-err><![CDATA[]]></system-err>
</testsuite>
